2012-11-07 13:09:33 Error: [MissingActionException] Action AppController::javascript.html() could not be found.
#0 /Code/Websites/Truenorth/lib/Cake/Routing/Dispatcher.php(186): Controller->invokeAction(Object(CakeRequest))
#1 /Code/Websites/Truenorth/lib/Cake/Routing/Dispatcher.php(161): Dispatcher->_invoke(Object(AppController), Object(CakeRequest), Object(CakeResponse))
#2 /Code/Websites/Truenorth/app/webroot/index.php(92): Dispatcher->dispatch(Object(CakeRequest), Object(CakeResponse))
#3 {main}
2012-11-07 13:09:37 Error: [MissingActionException] Action AppController::javascript.html() could not be found.
#0 /Code/Websites/Truenorth/lib/Cake/Routing/Dispatcher.php(186): Controller->invokeAction(Object(CakeRequest))
#1 /Code/Websites/Truenorth/lib/Cake/Routing/Dispatcher.php(161): Dispatcher->_invoke(Object(AppController), Object(CakeRequest), Object(CakeResponse))
#2 /Code/Websites/Truenorth/app/webroot/index.php(92): Dispatcher->dispatch(Object(CakeRequest), Object(CakeResponse))
#3 {main}
2012-11-07 13:45:20 Error: [MissingActionException] Action AppController::javascript.html() could not be found.
#0 /Code/Websites/Truenorth/lib/Cake/Routing/Dispatcher.php(186): Controller->invokeAction(Object(CakeRequest))
#1 /Code/Websites/Truenorth/lib/Cake/Routing/Dispatcher.php(161): Dispatcher->_invoke(Object(AppController), Object(CakeRequest), Object(CakeResponse))
#2 /Code/Websites/Truenorth/app/webroot/index.php(92): Dispatcher->dispatch(Object(CakeRequest), Object(CakeResponse))
#3 {main}
2012-11-07 13:54:33 Error: [MissingActionException] Action AppController::javascript.html() could not be found.
#0 /Code/Websites/Truenorth/lib/Cake/Routing/Dispatcher.php(186): Controller->invokeAction(Object(CakeRequest))
#1 /Code/Websites/Truenorth/lib/Cake/Routing/Dispatcher.php(161): Dispatcher->_invoke(Object(AppController), Object(CakeRequest), Object(CakeResponse))
#2 /Code/Websites/Truenorth/app/webroot/index.php(92): Dispatcher->dispatch(Object(CakeRequest), Object(CakeResponse))
#3 {main}
2012-11-07 13:55:53 Error: Fatal Error (64): Cannot redeclare AppController::javascript() in [/Code/Websites/Truenorth/app/Controller/AppController.php, line 53]
2012-11-07 13:55:53 Error: [FatalErrorException] Cannot redeclare AppController::javascript()
#0 /Code/Websites/Truenorth/lib/Cake/Error/ErrorHandler.php(161): ErrorHandler::handleFatalError(64, 'Cannot redeclar...', '/Code/Websites/...', 53)
#1 [internal function]: ErrorHandler::handleError(64, 'Cannot redeclar...', '/Code/Websites/...', 53, Array)
#2 /Code/Websites/Truenorth/lib/Cake/Core/App.php(926): call_user_func('ErrorHandler::h...', 64, 'Cannot redeclar...', '/Code/Websites/...', 53, Array)
#3 /Code/Websites/Truenorth/lib/Cake/Core/App.php(899): App::_checkFatalError()
#4 [internal function]: App::shutdown()
#5 {main}
2012-11-07 13:56:08 Error: [MissingActionException] Action AppController::javascript.html() could not be found.
#0 /Code/Websites/Truenorth/lib/Cake/Routing/Dispatcher.php(186): Controller->invokeAction(Object(CakeRequest))
#1 /Code/Websites/Truenorth/lib/Cake/Routing/Dispatcher.php(161): Dispatcher->_invoke(Object(AppController), Object(CakeRequest), Object(CakeResponse))
#2 /Code/Websites/Truenorth/app/webroot/index.php(92): Dispatcher->dispatch(Object(CakeRequest), Object(CakeResponse))
#3 {main}
2012-11-07 14:37:23 Error: [MissingControllerException] Controller class Controller could not be found.
#0 /Code/Websites/Truenorth/app/webroot/index.php(92): Dispatcher->dispatch(Object(CakeRequest), Object(CakeResponse))
#1 {main}
2012-11-07 15:28:45 Error: [MissingControllerException] Controller class Robots.txtController could not be found.
#0 /Code/Websites/Truenorth/app/webroot/index.php(92): Dispatcher->dispatch(Object(CakeRequest), Object(CakeResponse))
#1 {main}
2012-11-07 15:28:45 Error: [MissingControllerException] Controller class LoginController could not be found.
#0 /Code/Websites/Truenorth/app/webroot/index.php(92): Dispatcher->dispatch(Object(CakeRequest), Object(CakeResponse))
#1 {main}
